<?xml version="1.0" encoding="UTF-8"?>
<coverage generated="1780378033138" clover="3.2.0">
  <project timestamp="1780378033138" name="All files">
    <metrics statements="16" coveredstatements="16" conditionals="20" coveredconditionals="18" methods="5" coveredmethods="5" elements="41" coveredelements="39" complexity="0" loc="16" ncloc="16" packages="1" files="1" classes="1"/>
    <file name="ProductService.js" path="D:\Proyectos\minimarket-ecommerce\db-backend\src\services\ProductService.js">
      <metrics statements="16" coveredstatements="16" conditionals="20" coveredconditionals="18" methods="5" coveredmethods="5"/>
      <line num="5" count="7" type="stmt"/>
      <line num="9" count="1" type="stmt"/>
      <line num="20" count="1" type="stmt"/>
      <line num="24" count="2" type="stmt"/>
      <line num="38" count="2" type="cond" truecount="2" falsecount="0"/>
      <line num="42" count="2" type="cond" truecount="1" falsecount="1"/>
      <line num="43" count="2" type="cond" truecount="2" falsecount="0"/>
      <line num="44" count="2" type="cond" truecount="2" falsecount="0"/>
      <line num="45" count="2" type="stmt"/>
      <line num="46" count="2" type="cond" truecount="2" falsecount="0"/>
      <line num="47" count="2" type="cond" truecount="2" falsecount="0"/>
      <line num="48" count="2" type="cond" truecount="5" falsecount="0"/>
      <line num="50" count="2" type="stmt"/>
      <line num="59" count="2" type="stmt"/>
      <line num="63" count="2" type="stmt"/>
      <line num="68" count="2" type="cond" truecount="2" falsecount="0"/>
    </file>
  </project>
</coverage>
