{"D:\\Proyectos\\minimarket-ecommerce\\db-backend\\src\\services\\ProductService.js": {"path":"D:\\Proyectos\\minimarket-ecommerce\\db-backend\\src\\services\\ProductService.js","statementMap":{"0":{"start":{"line":5,"column":4},"end":{"line":5,"column":17}},"1":{"start":{"line":9,"column":21},"end":{"line":18,"column":6}},"2":{"start":{"line":20,"column":4},"end":{"line":20,"column":16}},"3":{"start":{"line":24,"column":21},"end":{"line":36,"column":5}},"4":{"start":{"line":38,"column":4},"end":{"line":38,"column":27}},"5":{"start":{"line":42,"column":20},"end":{"line":42,"column":33}},"6":{"start":{"line":43,"column":19},"end":{"line":43,"column":82}},"7":{"start":{"line":44,"column":24},"end":{"line":44,"column":51}},"8":{"start":{"line":45,"column":19},"end":{"line":45,"column":41}},"9":{"start":{"line":46,"column":22},"end":{"line":46,"column":48}},"10":{"start":{"line":47,"column":24},"end":{"line":47,"column":52}},"11":{"start":{"line":48,"column":18},"end":{"line":48,"column":69}},"12":{"start":{"line":50,"column":21},"end":{"line":57,"column":5}},"13":{"start":{"line":59,"column":4},"end":{"line":59,"column":19}},"14":{"start":{"line":63,"column":21},"end":{"line":66,"column":5}},"15":{"start":{"line":68,"column":4},"end":{"line":68,"column":27}}},"fnMap":{"0":{"name":"(anonymous_0)","decl":{"start":{"line":4,"column":2},"end":{"line":4,"column":3}},"loc":{"start":{"line":4,"column":25},"end":{"line":6,"column":3}},"line":4},"1":{"name":"(anonymous_1)","decl":{"start":{"line":8,"column":2},"end":{"line":8,"column":3}},"loc":{"start":{"line":8,"column":17},"end":{"line":21,"column":3}},"line":8},"2":{"name":"(anonymous_2)","decl":{"start":{"line":23,"column":2},"end":{"line":23,"column":3}},"loc":{"start":{"line":23,"column":20},"end":{"line":39,"column":3}},"line":23},"3":{"name":"(anonymous_3)","decl":{"start":{"line":41,"column":2},"end":{"line":41,"column":3}},"loc":{"start":{"line":41,"column":29},"end":{"line":60,"column":3}},"line":41},"4":{"name":"(anonymous_4)","decl":{"start":{"line":62,"column":2},"end":{"line":62,"column":3}},"loc":{"start":{"line":62,"column":26},"end":{"line":69,"column":3}},"line":62}},"branchMap":{"0":{"loc":{"start":{"line":4,"column":14},"end":{"line":4,"column":23}},"type":"default-arg","locations":[{"start":{"line":4,"column":19},"end":{"line":4,"column":23}}],"line":4},"1":{"loc":{"start":{"line":38,"column":11},"end":{"line":38,"column":26}},"type":"binary-expr","locations":[{"start":{"line":38,"column":11},"end":{"line":38,"column":18}},{"start":{"line":38,"column":22},"end":{"line":38,"column":26}}],"line":38},"2":{"loc":{"start":{"line":42,"column":20},"end":{"line":42,"column":33}},"type":"binary-expr","locations":[{"start":{"line":42,"column":20},"end":{"line":42,"column":27}},{"start":{"line":42,"column":31},"end":{"line":42,"column":33}}],"line":42},"3":{"loc":{"start":{"line":43,"column":19},"end":{"line":43,"column":82}},"type":"cond-expr","locations":[{"start":{"line":43,"column":56},"end":{"line":43,"column":77}},{"start":{"line":43,"column":80},"end":{"line":43,"column":82}}],"line":43},"4":{"loc":{"start":{"line":44,"column":24},"end":{"line":44,"column":51}},"type":"binary-expr","locations":[{"start":{"line":44,"column":24},"end":{"line":44,"column":43}},{"start":{"line":44,"column":47},"end":{"line":44,"column":51}}],"line":44},"5":{"loc":{"start":{"line":46,"column":22},"end":{"line":46,"column":48}},"type":"binary-expr","locations":[{"start":{"line":46,"column":22},"end":{"line":46,"column":40}},{"start":{"line":46,"column":44},"end":{"line":46,"column":48}}],"line":46},"6":{"loc":{"start":{"line":47,"column":24},"end":{"line":47,"column":52}},"type":"binary-expr","locations":[{"start":{"line":47,"column":24},"end":{"line":47,"column":44}},{"start":{"line":47,"column":48},"end":{"line":47,"column":52}}],"line":47},"7":{"loc":{"start":{"line":48,"column":18},"end":{"line":48,"column":69}},"type":"binary-expr","locations":[{"start":{"line":48,"column":18},"end":{"line":48,"column":64}},{"start":{"line":48,"column":68},"end":{"line":48,"column":69}}],"line":48},"8":{"loc":{"start":{"line":48,"column":25},"end":{"line":48,"column":63}},"type":"binary-expr","locations":[{"start":{"line":48,"column":25},"end":{"line":48,"column":38}},{"start":{"line":48,"column":42},"end":{"line":48,"column":58}},{"start":{"line":48,"column":62},"end":{"line":48,"column":63}}],"line":48},"9":{"loc":{"start":{"line":68,"column":11},"end":{"line":68,"column":26}},"type":"binary-expr","locations":[{"start":{"line":68,"column":11},"end":{"line":68,"column":18}},{"start":{"line":68,"column":22},"end":{"line":68,"column":26}}],"line":68}},"s":{"0":7,"1":1,"2":1,"3":2,"4":2,"5":2,"6":2,"7":2,"8":2,"9":2,"10":2,"11":2,"12":2,"13":2,"14":2,"15":2},"f":{"0":7,"1":1,"2":2,"3":2,"4":2},"b":{"0":[0],"1":[2,1],"2":[2,0],"3":[1,1],"4":[2,1],"5":[2,2],"6":[2,1],"7":[2,1],"8":[2,1,1],"9":[2,1]},"inputSourceMap":null,"_coverageSchema":"1a1c01bbd47fc00a2c39e90264f33305004495a9","hash":"36f22883e612f21ab298c9c3c02ed1b0e924734c"}
}
