TN:
SF:src\services\ProductService.js
FN:4,(anonymous_0)
FN:8,(anonymous_1)
FN:23,(anonymous_2)
FN:41,(anonymous_3)
FN:62,(anonymous_4)
FNF:5
FNH:5
FNDA:7,(anonymous_0)
FNDA:1,(anonymous_1)
FNDA:2,(anonymous_2)
FNDA:2,(anonymous_3)
FNDA:2,(anonymous_4)
DA:5,7
DA:9,1
DA:20,1
DA:24,2
DA:38,2
DA:42,2
DA:43,2
DA:44,2
DA:45,2
DA:46,2
DA:47,2
DA:48,2
DA:50,2
DA:59,2
DA:63,2
DA:68,2
LF:16
LH:16
BRDA:4,0,0,0
BRDA:38,1,0,2
BRDA:38,1,1,1
BRDA:42,2,0,2
BRDA:42,2,1,0
BRDA:43,3,0,1
BRDA:43,3,1,1
BRDA:44,4,0,2
BRDA:44,4,1,1
BRDA:46,5,0,2
BRDA:46,5,1,2
BRDA:47,6,0,2
BRDA:47,6,1,1
BRDA:48,7,0,2
BRDA:48,7,1,1
BRDA:48,8,0,2
BRDA:48,8,1,1
BRDA:48,8,2,1
BRDA:68,9,0,2
BRDA:68,9,1,1
BRF:20
BRH:18
end_of_record
